<?xml version="1.0" encoding="UTF-8"?>
<!-- Generated by org.testng.reporters.JUnitXMLReporter -->
<testsuite hostname="DESKTOP-URKGA8H" ignored="18" name="Login Test cases 02" tests="1" failures="1" timestamp="20 Jul 2018 06:42:01 GMT" time="13.066" errors="0">
  <testcase name="TC_Organization_06" time="4.714" classname="testcases_functionality.TC_Organization">
    <failure type="org.openqa.selenium.SessionNotCreatedException" message="Tried to run command without establishing a connection
Build info: version: &amp;apos;3.11.0&amp;apos;, revision: &amp;apos;e59cfb3&amp;apos;, time: &amp;apos;2018-03-11T20:33:15.31Z&amp;apos;
System info: host: &amp;apos;DESKTOP-URKGA8H&amp;apos;, ip: &amp;apos;192.168.2.110&amp;apos;, os.name: &amp;apos;Windows 10&amp;apos;, os.arch: &amp;apos;amd64&amp;apos;, os.version: &amp;apos;10.0&amp;apos;, java.version: &amp;apos;1.8.0_161&amp;apos;
Driver info: org.openqa.selenium.remote.RemoteWebDriver
Capabilities {acceptInsecureCerts: true, browserName: firefox, browserVersion: 56.0, javascriptEnabled: true, moz:accessibilityChecks: false, moz:headless: false, moz:processID: 4600, moz:profile: C:\Users\Acer\AppData\Local..., pageLoadStrategy: normal, platform: XP, platformName: XP, platformVersion: 10.0, rotatable: false, specificationLevel: 0, timeouts: {implicit: 0, pageLoad: 300000, script: 30000}, webdriver.remote.sessionid: df311e3c-f5e5-4020-8d52-6bd...}
Session ID: df311e3c-f5e5-4020-8d52-6bd6a080be4d
*** Element info: {Using=xpath, value=//a[text()=&amp;apos;Sign in with new user&amp;apos;]}">
      <![CDATA[org.openqa.selenium.SessionNotCreatedException: Tried to run command without establishing a connection
Build info: version: '3.11.0', revision: 'e59cfb3', time: '2018-03-11T20:33:15.31Z'
System info: host: 'DESKTOP-URKGA8H', ip: '192.168.2.110', os.name: 'Windows 10', os.arch: 'amd64', os.version: '10.0', java.version: '1.8.0_161'
Driver info: org.openqa.selenium.remote.RemoteWebDriver
Capabilities {acceptInsecureCerts: true, browserName: firefox, browserVersion: 56.0, javascriptEnabled: true, moz:accessibilityChecks: false, moz:headless: false, moz:processID: 4600, moz:profile: C:\Users\Acer\AppData\Local..., pageLoadStrategy: normal, platform: XP, platformName: XP, platformVersion: 10.0, rotatable: false, specificationLevel: 0, timeouts: {implicit: 0, pageLoad: 300000, script: 30000}, webdriver.remote.sessionid: df311e3c-f5e5-4020-8d52-6bd...}
Session ID: df311e3c-f5e5-4020-8d52-6bd6a080be4d
*** Element info: {Using=xpath, value=//a[text()='Sign in with new user']}
	at org.openqa.selenium.remote.http.W3CHttpResponseCodec.createException(W3CHttpResponseCodec.java:187)
	at org.openqa.selenium.remote.http.W3CHttpResponseCodec.decode(W3CHttpResponseCodec.java:122)
	at org.openqa.selenium.remote.http.W3CHttpResponseCodec.decode(W3CHttpResponseCodec.java:49)
	at org.openqa.selenium.remote.HttpCommandExecutor.execute(HttpCommandExecutor.java:158)
	at org.openqa.selenium.remote.RemoteWebDriver.execute(RemoteWebDriver.java:545)
	at org.openqa.selenium.remote.RemoteWebDriver.findElements(RemoteWebDriver.java:346)
	at org.openqa.selenium.remote.RemoteWebDriver.findElementsByXPath(RemoteWebDriver.java:425)
	at org.openqa.selenium.By$ByXPath.findElements(By.java:356)
	at org.openqa.selenium.remote.RemoteWebDriver.findElements(RemoteWebDriver.java:307)
	at funcation_PageObject.Loginpage.newlogin(Loginpage.java:41)
	at funcation_PageObject.Loginpage.OpenBrowserAndLoginnew(Loginpage.java:84)
	at testcases_functionality.TC_Organization.TC_Organization_06(TC_Organization.java:190)
	at java.util.concurrent.ThreadPoolExecutor.runWorker(Unknown Source)
	at java.util.concurrent.ThreadPoolExecutor$Worker.run(Unknown Source)
	at java.lang.Thread.run(Unknown Source)
... Removed 14 stack frames]]>
    </failure>
  </testcase> <!-- TC_Organization_06 -->
  <testcase name="TC_Organizatio_01" time="0.0" classname="testcases_functionality.TC_Organization">
    <ignored/>
  </testcase> <!-- TC_Organizatio_01 -->
  <testcase name="TC_Organizatio_02" time="0.0" classname="testcases_functionality.TC_Organization">
    <ignored/>
  </testcase> <!-- TC_Organizatio_02 -->
  <testcase name="TC_Organizatio_03" time="0.0" classname="testcases_functionality.TC_Organization">
    <ignored/>
  </testcase> <!-- TC_Organizatio_03 -->
  <testcase name="TC_Organization_011" time="0.0" classname="testcases_functionality.TC_Organization">
    <ignored/>
  </testcase> <!-- TC_Organization_011 -->
  <testcase name="TC_Organization_05" time="0.0" classname="testcases_functionality.TC_Organization">
    <ignored/>
  </testcase> <!-- TC_Organization_05 -->
  <testcase name="TC_Organization_014" time="0.0" classname="testcases_functionality.TC_Organization">
    <ignored/>
  </testcase> <!-- TC_Organization_014 -->
  <testcase name="TC_Organization_013" time="0.0" classname="testcases_functionality.TC_Organization">
    <ignored/>
  </testcase> <!-- TC_Organization_013 -->
  <testcase name="TC_Organization_08" time="0.0" classname="testcases_functionality.TC_Organization">
    <ignored/>
  </testcase> <!-- TC_Organization_08 -->
  <testcase name="TC_Organization_010" time="0.0" classname="testcases_functionality.TC_Organization">
    <ignored/>
  </testcase> <!-- TC_Organization_010 -->
  <testcase name="TC_Organization_07" time="0.0" classname="testcases_functionality.TC_Organization">
    <ignored/>
  </testcase> <!-- TC_Organization_07 -->
  <testcase name="TC_Organization_04" time="0.0" classname="testcases_functionality.TC_Organization">
    <ignored/>
  </testcase> <!-- TC_Organization_04 -->
  <testcase name="TC_Organization_019" time="0.0" classname="testcases_functionality.TC_Organization">
    <ignored/>
  </testcase> <!-- TC_Organization_019 -->
  <testcase name="TC_Organization_016" time="0.0" classname="testcases_functionality.TC_Organization">
    <ignored/>
  </testcase> <!-- TC_Organization_016 -->
  <testcase name="TC_Organization_09" time="0.0" classname="testcases_functionality.TC_Organization">
    <ignored/>
  </testcase> <!-- TC_Organization_09 -->
  <testcase name="TC_Organization_015" time="0.0" classname="testcases_functionality.TC_Organization">
    <ignored/>
  </testcase> <!-- TC_Organization_015 -->
  <testcase name="TC_Organization_018" time="0.0" classname="testcases_functionality.TC_Organization">
    <ignored/>
  </testcase> <!-- TC_Organization_018 -->
  <testcase name="TC_Organization_017" time="0.0" classname="testcases_functionality.TC_Organization">
    <ignored/>
  </testcase> <!-- TC_Organization_017 -->
  <testcase name="TC_Organization_012" time="0.0" classname="testcases_functionality.TC_Organization">
    <ignored/>
  </testcase> <!-- TC_Organization_012 -->
</testsuite> <!-- Login Test cases 02 -->
