<?xml version="1.0" encoding="UTF-8"?>
<!-- Generated by org.testng.reporters.JUnitXMLReporter -->
<testsuite hostname="DESKTOP-URKGA8H" ignored="0" tests="1" failures="0" timestamp="22 Jul 2018 06:08:10 GMT" time="0.015" errors="0">
  <testcase name="@BeforeClass setBrowser" time="0.0" classname="AutomationFramework.Generickeywords">
    <failure type="org.testng.TestNGException" message="
Parameter &amp;apos;browser&amp;apos; is required by BeforeClass on method setBrowser but has not been marked @Optional or defined
in D:\hari-hybrint\Hybrent-Fullfunctionality\Mywork.xml">
      <![CDATA[org.testng.TestNGException: 
Parameter 'browser' is required by BeforeClass on method setBrowser but has not been marked @Optional or defined
in D:\hari-hybrint\Hybrent-Fullfunctionality\Mywork.xml
... Removed 22 stack frames]]>
    </failure>
  </testcase> <!-- @BeforeClass setBrowser -->
  <testcase name="deleteUserData" time="0.0" classname="MyWork">
    <skipped/>
  </testcase> <!-- deleteUserData -->
</testsuite>
