<?xml version="1.0" encoding="UTF-8"?>
<!-- Generated by org.testng.reporters.JUnitXMLReporter -->
<testsuite hostname="DESKTOP-URKGA8H" ignored="0" name="Organiation" tests="21" failures="2" timestamp="03 Aug 2018 01:01:22 GMT" time="1495.476" errors="0">
  <testcase name="TC_Organization_001" time="93.683" classname="testcases_functionality.TC_Organization"/>
  <testcase name="TC_Organization_002" time="11.307" classname="testcases_functionality.TC_Organization"/>
  <testcase name="TC_Organization_003" time="21.399" classname="testcases_functionality.TC_Organization"/>
  <testcase name="TC_Organization_004" time="16.132" classname="testcases_functionality.TC_Organization"/>
  <testcase name="TC_Organization_005" time="6.472" classname="testcases_functionality.TC_Organization"/>
  <testcase name="TC_Organization_006" time="7.002" classname="testcases_functionality.TC_Organization"/>
  <testcase name="TC_Organization_007" time="4.122" classname="testcases_functionality.TC_Organization"/>
  <testcase name="TC_Organization_008" time="143.08" classname="testcases_functionality.TC_Organization"/>
  <testcase name="TC_Organization_009" time="107.635" classname="testcases_functionality.TC_Organization"/>
  <testcase name="TC_Organization_010" time="154.662" classname="testcases_functionality.TC_Organization"/>
  <testcase name="TC_Organization_011" time="75.204" classname="testcases_functionality.TC_Organization"/>
  <testcase name="TC_Organization_012" time="3.438" classname="testcases_functionality.TC_Organization"/>
  <testcase name="TC_Organization_013" time="272.304" classname="testcases_functionality.TC_Organization"/>
  <testcase name="TC_Organization_014" time="111.784" classname="testcases_functionality.TC_Organization"/>
  <testcase name="TC_Organization_015" time="73.041" classname="testcases_functionality.TC_Organization"/>
  <testcase name="TC_Organization_016" time="77.609" classname="testcases_functionality.TC_Organization"/>
  <testcase name="TC_Organization_017" time="80.228" classname="testcases_functionality.TC_Organization"/>
  <testcase name="TC_Organization_018" time="144.704" classname="testcases_functionality.TC_Organization"/>
  <testcase name="TC_Organization_019" time="37.728" classname="testcases_functionality.TC_Organization">
    <failure type="org.openqa.selenium.WebDriverException" message="unknown error: Element &amp;lt;div class=&amp;quot;bootstrap-switch-off bootstrap-switch-small bootstrap-switch-id-is_reseller bootstrap-switch bootstrap-switch-wrapper bootstrap-switch-animate&amp;quot; style=&amp;quot;width: 118px;&amp;quot;&amp;gt;...&amp;lt;/div&amp;gt; is not clickable at point (613, 603). Other element would receive the click: &amp;lt;div class=&amp;quot;sweet-overlay&amp;quot; tabindex=&amp;quot;-1&amp;quot; style=&amp;quot;opacity: 1.03; display: block;&amp;quot;&amp;gt;&amp;lt;/div&amp;gt;
  (Session info: chrome=66.0.3359.181)
  (Driver info: chromedriver=2.37.544315 (730aa6a5fdba159ac9f4c1e8cbc59bf1b5ce12b7),platform=Windows NT 10.0.17134 x86_64) (WARNING: The server did not provide any stacktrace information)
Command duration or timeout: 0 milliseconds
Build info: version: &amp;apos;3.11.0&amp;apos;, revision: &amp;apos;e59cfb3&amp;apos;, time: &amp;apos;2018-03-11T20:33:15.31Z&amp;apos;
System info: host: &amp;apos;DESKTOP-URKGA8H&amp;apos;, ip: &amp;apos;192.168.43.204&amp;apos;, os.name: &amp;apos;Windows 10&amp;apos;, os.arch: &amp;apos;amd64&amp;apos;, os.version: &amp;apos;10.0&amp;apos;, java.version: &amp;apos;1.8.0_161&amp;apos;
Driver info: org.openqa.selenium.remote.RemoteWebDriver
Capabilities {acceptInsecureCerts: false, acceptSslCerts: false, applicationCacheEnabled: false, browserConnectionEnabled: false, browserName: chrome, chrome: {chromedriverVersion: 2.37.544315 (730aa6a5fdba15..., userDataDir: C:\Users\Acer\AppData\Local...}, cssSelectorsEnabled: true, databaseEnabled: false, handlesAlerts: true, hasTouchScreen: false, javascriptEnabled: true, locationContextEnabled: true, mobileEmulationEnabled: false, nativeEvents: true, networkConnectionEnabled: false, pageLoadStrategy: normal, platform: XP, platformName: XP, rotatable: false, setWindowRect: true, takesHeapSnapshot: true, takesScreenshot: true, unexpectedAlertBehaviour: , unhandledPromptBehavior: , version: 66.0.3359.181, webStorageEnabled: true, webdriver.remote.sessionid: 39ad8a7d8473543ce8ddb082d86...}
Session ID: 39ad8a7d8473543ce8ddb082d8698389">
      <![CDATA[org.openqa.selenium.WebDriverException: unknown error: Element <div class="bootstrap-switch-off bootstrap-switch-small bootstrap-switch-id-is_reseller bootstrap-switch bootstrap-switch-wrapper bootstrap-switch-animate" style="width: 118px;">...</div> is not clickable at point (613, 603). Other element would receive the click: <div class="sweet-overlay" tabindex="-1" style="opacity: 1.03; display: block;"></div>
  (Session info: chrome=66.0.3359.181)
  (Driver info: chromedriver=2.37.544315 (730aa6a5fdba159ac9f4c1e8cbc59bf1b5ce12b7),platform=Windows NT 10.0.17134 x86_64) (WARNING: The server did not provide any stacktrace information)
Command duration or timeout: 0 milliseconds
Build info: version: '3.11.0', revision: 'e59cfb3', time: '2018-03-11T20:33:15.31Z'
System info: host: 'DESKTOP-URKGA8H', ip: '192.168.43.204', os.name: 'Windows 10', os.arch: 'amd64', os.version: '10.0', java.version: '1.8.0_161'
Driver info: org.openqa.selenium.remote.RemoteWebDriver
Capabilities {acceptInsecureCerts: false, acceptSslCerts: false, applicationCacheEnabled: false, browserConnectionEnabled: false, browserName: chrome, chrome: {chromedriverVersion: 2.37.544315 (730aa6a5fdba15..., userDataDir: C:\Users\Acer\AppData\Local...}, cssSelectorsEnabled: true, databaseEnabled: false, handlesAlerts: true, hasTouchScreen: false, javascriptEnabled: true, locationContextEnabled: true, mobileEmulationEnabled: false, nativeEvents: true, networkConnectionEnabled: false, pageLoadStrategy: normal, platform: XP, platformName: XP, rotatable: false, setWindowRect: true, takesHeapSnapshot: true, takesScreenshot: true, unexpectedAlertBehaviour: , unhandledPromptBehavior: , version: 66.0.3359.181, webStorageEnabled: true, webdriver.remote.sessionid: 39ad8a7d8473543ce8ddb082d86...}
Session ID: 39ad8a7d8473543ce8ddb082d8698389
	at org.openqa.selenium.remote.ErrorHandler.createThrowable(ErrorHandler.java:214)
	at org.openqa.selenium.remote.ErrorHandler.throwIfResponseFailed(ErrorHandler.java:166)
	at org.openqa.selenium.remote.http.JsonHttpResponseCodec.reconstructValue(JsonHttpResponseCodec.java:40)
	at org.openqa.selenium.remote.http.AbstractHttpResponseCodec.decode(AbstractHttpResponseCodec.java:80)
	at org.openqa.selenium.remote.http.AbstractHttpResponseCodec.decode(AbstractHttpResponseCodec.java:44)
	at org.openqa.selenium.remote.HttpCommandExecutor.execute(HttpCommandExecutor.java:158)
	at org.openqa.selenium.remote.RemoteWebDriver.execute(RemoteWebDriver.java:545)
	at org.openqa.selenium.remote.RemoteWebElement.execute(RemoteWebElement.java:279)
	at org.openqa.selenium.remote.RemoteWebElement.click(RemoteWebElement.java:83)
	at funcation_PageObject.Organisation.ResellerActive(Organisation.java:1002)
	at testcases_functionality.TC_Organization.TC_Organization_019(TC_Organization.java:635)
... Removed 29 stack frames]]>
    </failure>
  </testcase> <!-- TC_Organization_019 -->
  <testcase name="TC_Organization_020" time="16.352" classname="testcases_functionality.TC_Organization"/>
  <testcase name="TC_Organization_021" time="32.393" classname="testcases_functionality.TC_Organization">
    <failure type="org.openqa.selenium.WebDriverException" message="unknown error: Element &amp;lt;div class=&amp;quot;bootstrap-switch-on bootstrap-switch-small bootstrap-switch-id-adfs_auth bootstrap-switch bootstrap-switch-wrapper bootstrap-switch-animate&amp;quot; style=&amp;quot;width: 118px;&amp;quot;&amp;gt;...&amp;lt;/div&amp;gt; is not clickable at point (613, 603). Other element would receive the click: &amp;lt;div class=&amp;quot;sweet-overlay&amp;quot; tabindex=&amp;quot;-1&amp;quot; style=&amp;quot;opacity: 1.03; display: block;&amp;quot;&amp;gt;&amp;lt;/div&amp;gt;
  (Session info: chrome=66.0.3359.181)
  (Driver info: chromedriver=2.37.544315 (730aa6a5fdba159ac9f4c1e8cbc59bf1b5ce12b7),platform=Windows NT 10.0.17134 x86_64) (WARNING: The server did not provide any stacktrace information)
Command duration or timeout: 0 milliseconds
Build info: version: &amp;apos;3.11.0&amp;apos;, revision: &amp;apos;e59cfb3&amp;apos;, time: &amp;apos;2018-03-11T20:33:15.31Z&amp;apos;
System info: host: &amp;apos;DESKTOP-URKGA8H&amp;apos;, ip: &amp;apos;192.168.43.204&amp;apos;, os.name: &amp;apos;Windows 10&amp;apos;, os.arch: &amp;apos;amd64&amp;apos;, os.version: &amp;apos;10.0&amp;apos;, java.version: &amp;apos;1.8.0_161&amp;apos;
Driver info: org.openqa.selenium.remote.RemoteWebDriver
Capabilities {acceptInsecureCerts: false, acceptSslCerts: false, applicationCacheEnabled: false, browserConnectionEnabled: false, browserName: chrome, chrome: {chromedriverVersion: 2.37.544315 (730aa6a5fdba15..., userDataDir: C:\Users\Acer\AppData\Local...}, cssSelectorsEnabled: true, databaseEnabled: false, handlesAlerts: true, hasTouchScreen: false, javascriptEnabled: true, locationContextEnabled: true, mobileEmulationEnabled: false, nativeEvents: true, networkConnectionEnabled: false, pageLoadStrategy: normal, platform: XP, platformName: XP, rotatable: false, setWindowRect: true, takesHeapSnapshot: true, takesScreenshot: true, unexpectedAlertBehaviour: , unhandledPromptBehavior: , version: 66.0.3359.181, webStorageEnabled: true, webdriver.remote.sessionid: 39ad8a7d8473543ce8ddb082d86...}
Session ID: 39ad8a7d8473543ce8ddb082d8698389">
      <![CDATA[org.openqa.selenium.WebDriverException: unknown error: Element <div class="bootstrap-switch-on bootstrap-switch-small bootstrap-switch-id-adfs_auth bootstrap-switch bootstrap-switch-wrapper bootstrap-switch-animate" style="width: 118px;">...</div> is not clickable at point (613, 603). Other element would receive the click: <div class="sweet-overlay" tabindex="-1" style="opacity: 1.03; display: block;"></div>
  (Session info: chrome=66.0.3359.181)
  (Driver info: chromedriver=2.37.544315 (730aa6a5fdba159ac9f4c1e8cbc59bf1b5ce12b7),platform=Windows NT 10.0.17134 x86_64) (WARNING: The server did not provide any stacktrace information)
Command duration or timeout: 0 milliseconds
Build info: version: '3.11.0', revision: 'e59cfb3', time: '2018-03-11T20:33:15.31Z'
System info: host: 'DESKTOP-URKGA8H', ip: '192.168.43.204', os.name: 'Windows 10', os.arch: 'amd64', os.version: '10.0', java.version: '1.8.0_161'
Driver info: org.openqa.selenium.remote.RemoteWebDriver
Capabilities {acceptInsecureCerts: false, acceptSslCerts: false, applicationCacheEnabled: false, browserConnectionEnabled: false, browserName: chrome, chrome: {chromedriverVersion: 2.37.544315 (730aa6a5fdba15..., userDataDir: C:\Users\Acer\AppData\Local...}, cssSelectorsEnabled: true, databaseEnabled: false, handlesAlerts: true, hasTouchScreen: false, javascriptEnabled: true, locationContextEnabled: true, mobileEmulationEnabled: false, nativeEvents: true, networkConnectionEnabled: false, pageLoadStrategy: normal, platform: XP, platformName: XP, rotatable: false, setWindowRect: true, takesHeapSnapshot: true, takesScreenshot: true, unexpectedAlertBehaviour: , unhandledPromptBehavior: , version: 66.0.3359.181, webStorageEnabled: true, webdriver.remote.sessionid: 39ad8a7d8473543ce8ddb082d86...}
Session ID: 39ad8a7d8473543ce8ddb082d8698389
	at org.openqa.selenium.remote.ErrorHandler.createThrowable(ErrorHandler.java:214)
	at org.openqa.selenium.remote.ErrorHandler.throwIfResponseFailed(ErrorHandler.java:166)
	at org.openqa.selenium.remote.http.JsonHttpResponseCodec.reconstructValue(JsonHttpResponseCodec.java:40)
	at org.openqa.selenium.remote.http.AbstractHttpResponseCodec.decode(AbstractHttpResponseCodec.java:80)
	at org.openqa.selenium.remote.http.AbstractHttpResponseCodec.decode(AbstractHttpResponseCodec.java:44)
	at org.openqa.selenium.remote.HttpCommandExecutor.execute(HttpCommandExecutor.java:158)
	at org.openqa.selenium.remote.RemoteWebDriver.execute(RemoteWebDriver.java:545)
	at org.openqa.selenium.remote.RemoteWebElement.execute(RemoteWebElement.java:279)
	at org.openqa.selenium.remote.RemoteWebElement.click(RemoteWebElement.java:83)
	at funcation_PageObject.Organisation.AdfAuthInactive(Organisation.java:1061)
	at testcases_functionality.TC_Organization.TC_Organization_021(TC_Organization.java:665)
... Removed 29 stack frames]]>
    </failure>
  </testcase> <!-- TC_Organization_021 -->
</testsuite> <!-- Organiation -->
