<?xml version="1.0" encoding="UTF-8"?>
<!-- Generated by org.testng.reporters.JUnitXMLReporter -->
<testsuite hostname="DESKTOP-URKGA8H" ignored="0" name="Default test" tests="12" failures="0" timestamp="27 Jul 2018 13:09:26 GMT" time="0.089" errors="0">
  <testcase name="@BeforeTest startReport" time="0.0" classname="testcases_functionality.TC_Shop">
    <failure type="org.testng.TestNGException" message="
Parameter &amp;apos;siteName&amp;apos; is required by BeforeTest on method startReport but has not been marked @Optional or defined
in C:\Users\Acer\AppData\Local\Temp\testng-eclipse-1010625140\testng-customsuite.xml">
      <![CDATA[org.testng.TestNGException: 
Parameter 'siteName' is required by BeforeTest on method startReport but has not been marked @Optional or defined
in C:\Users\Acer\AppData\Local\Temp\testng-eclipse-1010625140\testng-customsuite.xml
	at org.testng.internal.Parameters.createParameters(Parameters.java:199)
	at org.testng.internal.Parameters.createParameters(Parameters.java:443)
	at org.testng.internal.Parameters.createConfigurationParameters(Parameters.java:118)
	at org.testng.internal.Invoker.invokeConfigurations(Invoker.java:206)
	at org.testng.internal.Invoker.invokeConfigurations(Invoker.java:146)
	at org.testng.TestRunner.beforeRun(TestRunner.java:626)
	at org.testng.TestRunner.run(TestRunner.java:594)
	at org.testng.SuiteRunner.runTest(SuiteRunner.java:380)
	at org.testng.SuiteRunner.runSequentially(SuiteRunner.java:375)
	at org.testng.SuiteRunner.privateRun(SuiteRunner.java:340)
	at org.testng.SuiteRunner.run(SuiteRunner.java:289)
	at org.testng.SuiteRunnerWorker.runSuite(SuiteRunnerWorker.java:52)
	at org.testng.SuiteRunnerWorker.run(SuiteRunnerWorker.java:86)
	at org.testng.TestNG.runSuitesSequentially(TestNG.java:1301)
	at org.testng.TestNG.runSuitesLocally(TestNG.java:1226)
	at org.testng.TestNG.runSuites(TestNG.java:1144)
	at org.testng.TestNG.run(TestNG.java:1115)
	at org.testng.remote.AbstractRemoteTestNG.run(AbstractRemoteTestNG.java:114)
	at org.testng.remote.RemoteTestNG.initAndRun(RemoteTestNG.java:251)
	at org.testng.remote.RemoteTestNG.main(RemoteTestNG.java:77)
]]>
    </failure>
  </testcase> <!-- @BeforeTest startReport -->
  <testcase name="@BeforeClass setBrowser" time="0.0" classname="AutomationFramework.Generickeywords">
    <skipped/>
  </testcase> <!-- @BeforeClass setBrowser -->
  <testcase name="@AfterTest endReport" time="0.0" classname="testcases_functionality.TC_Shop">
    <skipped/>
  </testcase> <!-- @AfterTest endReport -->
  <testcase name="Tc_Shop_001" time="0.001" classname="testcases_functionality.TC_Shop">
    <skipped/>
  </testcase> <!-- Tc_Shop_001 -->
  <testcase name="Tc_Shop_002" time="0.0" classname="testcases_functionality.TC_Shop">
    <skipped/>
  </testcase> <!-- Tc_Shop_002 -->
  <testcase name="Tc_Shop_003" time="0.0" classname="testcases_functionality.TC_Shop">
    <skipped/>
  </testcase> <!-- Tc_Shop_003 -->
  <testcase name="Tc_Shop_005" time="0.0" classname="testcases_functionality.TC_Shop">
    <skipped/>
  </testcase> <!-- Tc_Shop_005 -->
  <testcase name="Tc_Shop_006" time="0.0" classname="testcases_functionality.TC_Shop">
    <skipped/>
  </testcase> <!-- Tc_Shop_006 -->
  <testcase name="Tc_Shop_007" time="0.0" classname="testcases_functionality.TC_Shop">
    <skipped/>
  </testcase> <!-- Tc_Shop_007 -->
  <testcase name="Tc_Shop_008" time="0.0" classname="testcases_functionality.TC_Shop">
    <skipped/>
  </testcase> <!-- Tc_Shop_008 -->
  <testcase name="Tc_Shop_009" time="0.001" classname="testcases_functionality.TC_Shop">
    <skipped/>
  </testcase> <!-- Tc_Shop_009 -->
  <testcase name="Tc_Shop_010" time="0.0" classname="testcases_functionality.TC_Shop">
    <skipped/>
  </testcase> <!-- Tc_Shop_010 -->
  <testcase name="Tc_Shop_011" time="0.0" classname="testcases_functionality.TC_Shop">
    <skipped/>
  </testcase> <!-- Tc_Shop_011 -->
  <testcase name="Tc_Shop_012" time="0.0" classname="testcases_functionality.TC_Shop">
    <skipped/>
  </testcase> <!-- Tc_Shop_012 -->
  <testcase name="Tc_Shop_013" time="0.0" classname="testcases_functionality.TC_Shop">
    <skipped/>
  </testcase> <!-- Tc_Shop_013 -->
</testsuite> <!-- Default test -->
