<?xml version="1.0" encoding="UTF-8"?>
<!-- Generated by org.testng.reporters.JUnitXMLReporter -->
<testsuite hostname="DESKTOP-URKGA8H" ignored="5" name="Dashboard" tests="2" failures="2" timestamp="02 Sep 2018 13:40:28 GMT" time="264.317" errors="0">
  <testcase name="Tc_ApprovedPo_001" time="257.912" classname="testcases_functionality.TC_ApprovedPo">
    <failure type="java.lang.NullPointerException">
      <![CDATA[java.lang.NullPointerException
	at AutomationFramework.ApplicationKeyword.getTextchild(ApplicationKeyword.java:74)
	at funcation_PageObject.ApprovePO.Verifydetails(ApprovePO.java:24)
	at testcases_functionality.TC_ApprovedPo.Tc_ApprovedPo_001(TC_ApprovedPo.java:52)
... Removed 25 stack frames]]>
    </failure>
  </testcase> <!-- Tc_ApprovedPo_001 -->
  <testcase name="Tc_ApprovedPo_002" time="0.032" classname="testcases_functionality.TC_ApprovedPo">
    <failure type="org.openqa.selenium.NoSuchWindowException" message="no such window: target window already closed
from unknown error: web view not found
  (Session info: chrome=68.0.3440.106)
  (Driver info: chromedriver=2.37.544315 (730aa6a5fdba159ac9f4c1e8cbc59bf1b5ce12b7),platform=Windows NT 10.0.17134 x86_64) (WARNING: The server did not provide any stacktrace information)
Command duration or timeout: 0 milliseconds
Build info: version: &amp;apos;3.11.0&amp;apos;, revision: &amp;apos;e59cfb3&amp;apos;, time: &amp;apos;2018-03-11T20:33:15.31Z&amp;apos;
System info: host: &amp;apos;DESKTOP-URKGA8H&amp;apos;, ip: &amp;apos;192.168.43.204&amp;apos;, os.name: &amp;apos;Windows 10&amp;apos;, os.arch: &amp;apos;amd64&amp;apos;, os.version: &amp;apos;10.0&amp;apos;, java.version: &amp;apos;1.8.0_161&amp;apos;
Driver info: org.openqa.selenium.remote.RemoteWebDriver
Capabilities {acceptInsecureCerts: false, acceptSslCerts: false, applicationCacheEnabled: false, browserConnectionEnabled: false, browserName: chrome, chrome: {chromedriverVersion: 2.37.544315 (730aa6a5fdba15..., userDataDir: C:\Users\Acer\AppData\Local...}, cssSelectorsEnabled: true, databaseEnabled: false, handlesAlerts: true, hasTouchScreen: false, javascriptEnabled: true, locationContextEnabled: true, mobileEmulationEnabled: false, nativeEvents: true, networkConnectionEnabled: false, pageLoadStrategy: normal, platform: XP, platformName: XP, rotatable: false, setWindowRect: true, takesHeapSnapshot: true, takesScreenshot: true, unexpectedAlertBehaviour: , unhandledPromptBehavior: , version: 68.0.3440.106, webStorageEnabled: true, webdriver.remote.sessionid: 927de686e2663006d555a5bff1d...}
Session ID: 927de686e2663006d555a5bff1d08456">
      <![CDATA[org.openqa.selenium.NoSuchWindowException: no such window: target window already closed
from unknown error: web view not found
  (Session info: chrome=68.0.3440.106)
  (Driver info: chromedriver=2.37.544315 (730aa6a5fdba159ac9f4c1e8cbc59bf1b5ce12b7),platform=Windows NT 10.0.17134 x86_64) (WARNING: The server did not provide any stacktrace information)
Command duration or timeout: 0 milliseconds
Build info: version: '3.11.0', revision: 'e59cfb3', time: '2018-03-11T20:33:15.31Z'
System info: host: 'DESKTOP-URKGA8H', ip: '192.168.43.204', os.name: 'Windows 10', os.arch: 'amd64', os.version: '10.0', java.version: '1.8.0_161'
Driver info: org.openqa.selenium.remote.RemoteWebDriver
Capabilities {acceptInsecureCerts: false, acceptSslCerts: false, applicationCacheEnabled: false, browserConnectionEnabled: false, browserName: chrome, chrome: {chromedriverVersion: 2.37.544315 (730aa6a5fdba15..., userDataDir: C:\Users\Acer\AppData\Local...}, cssSelectorsEnabled: true, databaseEnabled: false, handlesAlerts: true, hasTouchScreen: false, javascriptEnabled: true, locationContextEnabled: true, mobileEmulationEnabled: false, nativeEvents: true, networkConnectionEnabled: false, pageLoadStrategy: normal, platform: XP, platformName: XP, rotatable: false, setWindowRect: true, takesHeapSnapshot: true, takesScreenshot: true, unexpectedAlertBehaviour: , unhandledPromptBehavior: , version: 68.0.3440.106, webStorageEnabled: true, webdriver.remote.sessionid: 927de686e2663006d555a5bff1d...}
Session ID: 927de686e2663006d555a5bff1d08456
	at org.openqa.selenium.remote.ErrorHandler.createThrowable(ErrorHandler.java:214)
	at org.openqa.selenium.remote.ErrorHandler.throwIfResponseFailed(ErrorHandler.java:166)
	at org.openqa.selenium.remote.http.JsonHttpResponseCodec.reconstructValue(JsonHttpResponseCodec.java:40)
	at org.openqa.selenium.remote.http.AbstractHttpResponseCodec.decode(AbstractHttpResponseCodec.java:80)
	at org.openqa.selenium.remote.http.AbstractHttpResponseCodec.decode(AbstractHttpResponseCodec.java:44)
	at org.openqa.selenium.remote.HttpCommandExecutor.execute(HttpCommandExecutor.java:158)
	at org.openqa.selenium.remote.RemoteWebDriver.execute(RemoteWebDriver.java:545)
	at org.openqa.selenium.remote.RemoteWebDriver.executeScript(RemoteWebDriver.java:482)
	at AutomationFramework.Generickeywords.waitUntilPageReady(Generickeywords.java:2802)
	at funcation_PageObject.ApprovePO.NavigateApprovedPO(ApprovePO.java:16)
	at testcases_functionality.TC_ApprovedPo.Tc_ApprovedPo_002(TC_ApprovedPo.java:62)
... Removed 29 stack frames]]>
    </failure>
  </testcase> <!-- Tc_ApprovedPo_002 -->
  <testcase name="Tc_ApprovedPo_003" time="0.0" classname="testcases_functionality.TC_ApprovedPo">
    <ignored/>
  </testcase> <!-- Tc_ApprovedPo_003 -->
  <testcase name="Tc_ApprovedPo_006" time="0.0" classname="testcases_functionality.TC_ApprovedPo">
    <ignored/>
  </testcase> <!-- Tc_ApprovedPo_006 -->
  <testcase name="Tc_ApprovedPo_005" time="0.0" classname="testcases_functionality.TC_ApprovedPo">
    <ignored/>
  </testcase> <!-- Tc_ApprovedPo_005 -->
  <testcase name="Tc_ApprovedPo_007" time="0.0" classname="testcases_functionality.TC_ApprovedPo">
    <ignored/>
  </testcase> <!-- Tc_ApprovedPo_007 -->
  <testcase name="Tc_ApprovedPo_004" time="0.0" classname="testcases_functionality.TC_ApprovedPo">
    <ignored/>
  </testcase> <!-- Tc_ApprovedPo_004 -->
</testsuite> <!-- Dashboard -->
